<?xml version="1.0" encoding="UTF-8"?>
<testsuite name="Agregar Producto al Carrito" tests="1" skipped="0" failures="0" errors="0" timestamp="2021-09-09T01:00:51" hostname="DESKTOP-EI0DATU" time="11.513">
  <properties/>
  <testcase name="Agregar producto al carrito" classname="Agregar Producto al Carrito" time="11.513"/>
  <system-out><![CDATA[]]></system-out>
  <system-err><![CDATA[[Test worker] WARN net.thucydides.core.steps.BaseStepListener - stepStarted: net.thucydides.core.steps.ExecutedStepDescription@38434bb8
[Test worker] INFO net.thucydides.core.steps.ConsoleLoggingListener - STARTING STEP Dado El usuario se registra en el portal web
[Test worker] WARN net.thucydides.core.steps.BaseStepListener - stepStarted: net.thucydides.core.steps.ExecutedStepDescription@7620d303
[Test worker] INFO net.thucydides.core.steps.ConsoleLoggingListener - STARTING STEP John opens the Home page
sep 08, 2021 8:00:52 PM org.openqa.selenium.remote.DesiredCapabilities chrome
INFORMACIÓN: Using `new ChromeOptions()` is preferred to `DesiredCapabilities.chrome()`
[Test worker] INFO net.serenitybdd.core.webdriver.driverproviders.ProvideNewDriver - Instantiating driver
[Test worker] INFO net.serenitybdd.core.webdriver.driverproviders.ProvideNewDriver - Driver capabilities: Capabilities {acceptInsecureCerts: false, browserName: chrome, chrome.switches: --lang=es,--disable-popup-b..., goog:chromeOptions: {args: [--lang=es, --disable-popup-blocking, --disable-download-notifica..., --start-maximized, --test-type, --ignore-certificate-errors, --allow-running-insecure-co..., --disable-translate, --always-authorize-plugins, --disable-extensions], extensions: []}, loggingPrefs: org.openqa.selenium.logging..., platform: ANY, version: }
Starting ChromeDriver 92.0.4515.107 (87a818b10553a07434ea9e2b6dccf3cbe7895134-refs/branch-heads/4515@{#1634}) on port 38060
Only local connections are allowed.
Please see https://chromedriver.chromium.org/security-considerations for suggestions on keeping ChromeDriver safe.
ChromeDriver was started successfully.
[1631149255.450][WARNING]: This version of ChromeDriver has not been tested with Chrome version 93.
sep 08, 2021 8:00:55 PM org.openqa.selenium.remote.ProtocolHandshake createSession
INFORMACIÓN: Detected dialect: W3C
[Test worker] WARN net.thucydides.core.steps.BaseStepListener - stepFinished: current outcome:Agregar producto al carrito:Dado El usuario se registra en el portal web [John opens the Home page]
[Test worker] INFO net.thucydides.core.steps.ConsoleLoggingListener - FINISHING STEP
[Test worker] WARN net.thucydides.core.steps.BaseStepListener - stepFinished: current outcome:Agregar producto al carrito:Dado El usuario se registra en el portal web [John opens the Home page]
[Test worker] INFO net.thucydides.core.steps.ConsoleLoggingListener - FINISHING STEP
[Test worker] WARN net.thucydides.core.steps.BaseStepListener - stepStarted: net.thucydides.core.steps.ExecutedStepDescription@5e5cd978
[Test worker] INFO net.thucydides.core.steps.ConsoleLoggingListener - STARTING STEP Cuando Usuario selecciona articulo
[Test worker] WARN net.thucydides.core.steps.BaseStepListener - stepStarted: net.thucydides.core.steps.ExecutedStepDescription@4162318e
[Test worker] INFO net.thucydides.core.steps.ConsoleLoggingListener - STARTING STEP John clicks on Botón Laptop
[Test worker] WARN net.thucydides.core.steps.BaseStepListener - stepFinished: current outcome:Agregar producto al carrito:Dado El usuario se registra en el portal web [John opens the Home page], Cuando Usuario selecciona articulo [John clicks on Botón Laptop]
[Test worker] INFO net.thucydides.core.steps.ConsoleLoggingListener - FINISHING STEP
[Test worker] WARN net.thucydides.core.steps.BaseStepListener - stepStarted: net.thucydides.core.steps.ExecutedStepDescription@6629e466
[Test worker] INFO net.thucydides.core.steps.ConsoleLoggingListener - STARTING STEP John clicks on Articulo PC Sony
[Test worker] WARN net.thucydides.core.steps.BaseStepListener - stepFinished: current outcome:Agregar producto al carrito:Dado El usuario se registra en el portal web [John opens the Home page], Cuando Usuario selecciona articulo [John clicks on Botón Laptop, John clicks on Articulo PC Sony]
[Test worker] INFO net.thucydides.core.steps.ConsoleLoggingListener - FINISHING STEP
[Test worker] WARN net.thucydides.core.steps.BaseStepListener - stepStarted: net.thucydides.core.steps.ExecutedStepDescription@31e53eb3
[Test worker] INFO net.thucydides.core.steps.ConsoleLoggingListener - STARTING STEP John clicks on Botón Agregar al Carrito
[Test worker] WARN net.thucydides.core.steps.BaseStepListener - stepFinished: current outcome:Agregar producto al carrito:Dado El usuario se registra en el portal web [John opens the Home page], Cuando Usuario selecciona articulo [John clicks on Botón Laptop, John clicks on Articulo PC Sony, John clicks on Botón Agregar al Carrito]
[Test worker] INFO net.thucydides.core.steps.ConsoleLoggingListener - FINISHING STEP
[Test worker] WARN net.thucydides.core.steps.BaseStepListener - stepFinished: current outcome:Agregar producto al carrito:Dado El usuario se registra en el portal web [John opens the Home page], Cuando Usuario selecciona articulo [John clicks on Botón Laptop, John clicks on Articulo PC Sony, John clicks on Botón Agregar al Carrito]
[Test worker] INFO net.thucydides.core.steps.ConsoleLoggingListener - FINISHING STEP
[Test worker] WARN net.thucydides.core.steps.BaseStepListener - stepStarted: net.thucydides.core.steps.ExecutedStepDescription@55af600d
[Test worker] INFO net.thucydides.core.steps.ConsoleLoggingListener - STARTING STEP Entonces Agrega el producto al carrito
[Test worker] WARN net.thucydides.core.steps.BaseStepListener - stepFinished: current outcome:Agregar producto al carrito:Dado El usuario se registra en el portal web [John opens the Home page], Cuando Usuario selecciona articulo [John clicks on Botón Laptop, John clicks on Articulo PC Sony, John clicks on Botón Agregar al Carrito], Entonces Agrega el producto al carrito
[Test worker] INFO net.thucydides.core.steps.ConsoleLoggingListener - FINISHING STEP
[Test worker] WARN net.thucydides.core.steps.BaseStepListener - testFinished: Agregar producto al carrito:Dado El usuario se registra en el portal web [John opens the Home page], Cuando Usuario selecciona articulo [John clicks on Botón Laptop, John clicks on Articulo PC Sony, John clicks on Botón Agregar al Carrito], Entonces Agrega el producto al carrito
[Test worker] WARN net.thucydides.core.steps.BaseStepListener - TestOutcomes: [Agregar producto al carrito:Dado El usuario se registra en el portal web [John opens the Home page], Cuando Usuario selecciona articulo [John clicks on Botón Laptop, John clicks on Articulo PC Sony, John clicks on Botón Agregar al Carrito], Entonces Agrega el producto al carrito]
[Test worker] WARN net.thucydides.core.steps.BaseStepListener - Final testOutcomes: [Agregar producto al carrito:Dado El usuario se registra en el portal web [John opens the Home page], Cuando Usuario selecciona articulo [John clicks on Botón Laptop, John clicks on Articulo PC Sony, John clicks on Botón Agregar al Carrito], Entonces Agrega el producto al carrito]
[Test worker] INFO net.thucydides.core.steps.ConsoleLoggingListener - ?[92m
        __    _____ _____ ____ _____   ____   _    ____  ____  _____ ____  
  _     \ \  |_   _| ____/ ___|_   _| |  _ \ / \  / ___|/ ___|| ____|  _ \ 
 (_)_____| |   | | |  _| \___ \ | |   | |_) / _ \ \___ \\___ \|  _| | | | |
  _|_____| |   | | | |___ ___) || |   |  __/ ___ \ ___) |___) | |___| |_| |
 (_)     | |   |_| |_____|____/ |_|   |_| /_/   \_\____/|____/|_____|____/ 
        /_/                                                                

TEST PASSED: Agregar producto al carrito
----------------------------------------------------------------------------?[0m
]]></system-err>
</testsuite>
